<?xml version="1.0" encoding="UTF-8" ?>
<testsuite tests="28" failures="1" name="TestsCICD" time="0.198" errors="0" skipped="27">
  <properties>
    <property name="java.runtime.name" value="Java(TM) SE Runtime Environment"/>
    <property name="java.vm.version" value="15.0.1+9-18"/>
    <property name="sun.boot.library.path" value="/Library/Java/JavaVirtualMachines/jdk-15.0.1.jdk/Contents/Home/lib"/>
    <property name="maven.multiModuleProjectDirectory" value="/Users/sanghung/Documents/SonarCloudTest"/>
    <property name="java.vm.vendor" value="Oracle Corporation"/>
    <property name="java.vendor.url" value="https://java.oracle.com/"/>
    <property name="path.separator" value=":"/>
    <property name="guice.disable.misplaced.annotation.check" value="true"/>
    <property name="java.vm.name" value="Java HotSpot(TM) 64-Bit Server VM"/>
    <property name="user.country" value="US"/>
    <property name="sun.java.launcher" value="SUN_STANDARD"/>
    <property name="java.vm.specification.name" value="Java Virtual Machine Specification"/>
    <property name="user.dir" value="/Users/sanghung/Documents/SonarCloudTest"/>
    <property name="java.vm.compressedOopsMode" value="Zero based"/>
    <property name="java.runtime.version" value="15.0.1+9-18"/>
    <property name="os.arch" value="x86_64"/>
    <property name="java.io.tmpdir" value="/var/folders/h5/htq1r1gd6b91bbfnsktdgcpr0000gn/T/"/>
    <property name="line.separator" value="
"/>
    <property name="java.vm.specification.vendor" value="Oracle Corporation"/>
    <property name="os.name" value="Mac OS X"/>
    <property name="classworlds.conf" value="/usr/local/Cellar/maven/3.6.3_1/libexec/bin/m2.conf"/>
    <property name="sun.jnu.encoding" value="UTF-8"/>
    <property name="java.library.path" value="/Users/sanghung/Library/Java/Extensions:/Library/Java/Extensions:/Network/Library/Java/Extensions:/System/Library/Java/Extensions:/usr/lib/java:."/>
    <property name="maven.conf" value="/usr/local/Cellar/maven/3.6.3_1/libexec/conf"/>
    <property name="jdk.debug" value="release"/>
    <property name="java.class.version" value="59.0"/>
    <property name="java.specification.name" value="Java Platform API Specification"/>
    <property name="sun.management.compiler" value="HotSpot 64-Bit Tiered Compilers"/>
    <property name="os.version" value="10.16"/>
    <property name="library.jansi.path" value="/usr/local/Cellar/maven/3.6.3_1/libexec/lib/jansi-native"/>
    <property name="user.home" value="/Users/sanghung"/>
    <property name="user.timezone" value="America/Chicago"/>
    <property name="file.encoding" value="UTF-8"/>
    <property name="java.specification.version" value="15"/>
    <property name="sonar.projectKey" value="sanghung4_SonarCloudTest"/>
    <property name="user.name" value="sanghung"/>
    <property name="java.class.path" value="/usr/local/Cellar/maven/3.6.3_1/libexec/boot/plexus-classworlds-2.6.0.jar"/>
    <property name="java.vm.specification.version" value="15"/>
    <property name="sun.arch.data.model" value="64"/>
    <property name="sun.java.command" value="org.codehaus.plexus.classworlds.launcher.Launcher verify sonar:sonar -Dsonar.projectKey=sanghung4_SonarCloudTest"/>
    <property name="java.home" value="/Library/Java/JavaVirtualMachines/jdk-15.0.1.jdk/Contents/Home"/>
    <property name="user.language" value="en"/>
    <property name="java.specification.vendor" value="Oracle Corporation"/>
    <property name="java.vm.info" value="mixed mode, sharing"/>
    <property name="java.version" value="15.0.1"/>
    <property name="java.vendor" value="Oracle Corporation"/>
    <property name="maven.home" value="/usr/local/Cellar/maven/3.6.3_1/libexec"/>
    <property name="file.separator" value="/"/>
    <property name="java.version.date" value="2020-10-20"/>
    <property name="java.vendor.url.bug" value="https://bugreport.java.com/bugreport/"/>
    <property name="sun.io.unicode.encoding" value="UnicodeBig"/>
    <property name="sun.cpu.endian" value="little"/>
  </properties>
  <testcase classname="TestsCICD" name="SetUp" time="0.191">
    <failure message="
Parameter &apos;browser&apos; is required by BeforeMethod on method SetUp but has not been marked @Optional or defined
" type="org.testng.TestNGException">org.testng.TestNGException: 
Parameter &apos;browser&apos; is required by BeforeMethod on method SetUp but has not been marked @Optional or defined
	at org.testng.internal.Parameters.createParams(Parameters.java:272)
	at org.testng.internal.Parameters.createParametersForMethod(Parameters.java:360)
	at org.testng.internal.Parameters.createParameters(Parameters.java:704)
	at org.testng.internal.Parameters.createConfigurationParameters(Parameters.java:166)
	at org.testng.internal.ConfigInvoker.invokeConfigurations(ConfigInvoker.java:283)
	at org.testng.internal.TestInvoker.runConfigMethods(TestInvoker.java:695)
	at org.testng.internal.TestInvoker.invokeMethod(TestInvoker.java:523)
	at org.testng.internal.TestInvoker.invokeTestMethod(TestInvoker.java:173)
	at org.testng.internal.MethodRunner.runInSequence(MethodRunner.java:46)
	at org.testng.internal.TestInvoker$MethodInvocationAgent.invoke(TestInvoker.java:816)
	at org.testng.internal.TestInvoker.invokeTestMethods(TestInvoker.java:146)
	at org.testng.internal.TestMethodWorker.invokeTestMethods(TestMethodWorker.java:146)
	at org.testng.internal.TestMethodWorker.run(TestMethodWorker.java:128)
	at java.base/java.util.ArrayList.forEach(ArrayList.java:1511)
	at org.testng.TestRunner.privateRun(TestRunner.java:766)
	at org.testng.TestRunner.run(TestRunner.java:587)
	at org.testng.SuiteRunner.runTest(SuiteRunner.java:384)
	at org.testng.SuiteRunner.runSequentially(SuiteRunner.java:378)
	at org.testng.SuiteRunner.privateRun(SuiteRunner.java:337)
	at org.testng.SuiteRunner.run(SuiteRunner.java:286)
	at org.testng.SuiteRunnerWorker.runSuite(SuiteRunnerWorker.java:53)
	at org.testng.SuiteRunnerWorker.run(SuiteRunnerWorker.java:96)
	at org.testng.TestNG.runSuitesSequentially(TestNG.java:1187)
	at org.testng.TestNG.runSuitesLocally(TestNG.java:1109)
	at org.testng.TestNG.runSuites(TestNG.java:1039)
	at org.testng.TestNG.run(TestNG.java:1007)
	at org.apache.maven.surefire.testng.TestNGExecutor.run(TestNGExecutor.java:77)
	at org.apache.maven.surefire.testng.TestNGDirectoryTestSuite.execute(TestNGDirectoryTestSuite.java:110)
	at org.apache.maven.surefire.testng.TestNGProvider.invoke(TestNGProvider.java:106)
	at java.base/jdk.internal.reflect.NativeMethodAccessorImpl.invoke0(Native Method)
	at java.base/jdk.internal.reflect.NativeMethodAccessorImpl.invoke(NativeMethodAccessorImpl.java:64)
	at java.base/jdk.internal.reflect.DelegatingMethodAccessorImpl.invoke(DelegatingMethodAccessorImpl.java:43)
	at java.base/java.lang.reflect.Method.invoke(Method.java:564)
	at org.apache.maven.surefire.util.ReflectionUtils.invokeMethodWithArray(ReflectionUtils.java:189)
	at org.apache.maven.surefire.booter.ProviderFactory$ProviderProxy.invoke(ProviderFactory.java:165)
	at org.apache.maven.surefire.booter.ProviderFactory.invokeProvider(ProviderFactory.java:85)
	at org.apache.maven.surefire.booter.ForkedBooter.runSuitesInProcess(ForkedBooter.java:115)
	at org.apache.maven.surefire.booter.ForkedBooter.main(ForkedBooter.java:75)
</failure>
    <system-out>Configuring TestNG with: org.apache.maven.surefire.testng.conf.TestNG652Configurator@768debd
</system-out>
  </testcase>
  <testcase classname="TestsCICD" name="RandomTest" time="0.001">
    <skipped/>
  </testcase>
  <testcase classname="TestsCICD" name="TearDown" time="0.001">
    <skipped/>
  </testcase>
  <testcase classname="TestsCICD" name="SetUp" time="0.002">
    <skipped/>
  </testcase>
  <testcase classname="TestsCICD" name="RandomTest2" time="0">
    <skipped/>
  </testcase>
  <testcase classname="TestsCICD" name="TearDown" time="0">
    <skipped/>
  </testcase>
  <testcase classname="TestsCICD" name="SetUp" time="0">
    <skipped/>
  </testcase>
  <testcase classname="TestsCICD" name="RandomTest3" time="0">
    <skipped/>
  </testcase>
  <testcase classname="TestsCICD" name="TearDown" time="0">
    <skipped/>
  </testcase>
  <testcase classname="TestsCICD" name="SetUp" time="0.001">
    <skipped/>
  </testcase>
  <testcase classname="TestsCICD" name="RandomTest4" time="0">
    <skipped/>
  </testcase>
  <testcase classname="TestsCICD" name="TearDown" time="0">
    <skipped/>
  </testcase>
  <testcase classname="TestsCICD" name="SetUp" time="0">
    <skipped/>
  </testcase>
  <testcase classname="TestsCICD" name="RandomTest5" time="0">
    <skipped/>
  </testcase>
  <testcase classname="TestsCICD" name="TearDown" time="0">
    <skipped/>
  </testcase>
  <testcase classname="TestsCICD" name="SetUp" time="0.001">
    <skipped/>
  </testcase>
  <testcase classname="TestsCICD" name="RandomTest6" time="0">
    <skipped/>
  </testcase>
  <testcase classname="TestsCICD" name="TearDown" time="0">
    <skipped/>
  </testcase>
  <testcase classname="TestsCICD" name="SetUp" time="0">
    <skipped/>
  </testcase>
  <testcase classname="TestsCICD" name="RandomTest7" time="0">
    <skipped/>
  </testcase>
  <testcase classname="TestsCICD" name="TearDown" time="0">
    <skipped/>
  </testcase>
  <testcase classname="TestsCICD" name="SetUp" time="0">
    <skipped/>
  </testcase>
  <testcase classname="TestsCICD" name="RandomTest8" time="0">
    <skipped/>
  </testcase>
  <testcase classname="TestsCICD" name="TearDown" time="0">
    <skipped/>
  </testcase>
  <testcase classname="TestsCICD" name="SetUp" time="0">
    <skipped/>
  </testcase>
  <testcase classname="TestsCICD" name="RandomTest9" time="0">
    <skipped/>
  </testcase>
  <testcase classname="TestsCICD" name="TearDown" time="0">
    <skipped/>
  </testcase>
  <testcase classname="TestsCICD" name="Terminate" time="0.001">
    <skipped/>
  </testcase>
</testsuite>