<?xml version="1.0" encoding="UTF-8"?>
<!-- Generated by org.testng.reporters.JUnitReportReporter -->
<testsuite hostname="DALML6116" failures="0" tests="10" name="TestsCICD" time="-1686600320.000" errors="1" timestamp="2023-06-12T15:04:31 CDT" skipped="9">
  <testcase classname="TestsCICD" name="RandomTest6" time="0.000">
    <skipped/>
  </testcase> <!-- RandomTest6 -->
  <system-out/>
  <testcase classname="TestsCICD" name="RandomTest7" time="0.000">
    <skipped/>
  </testcase> <!-- RandomTest7 -->
  <system-out/>
  <testcase classname="TestsCICD" name="RandomTest3" time="0.000">
    <skipped/>
  </testcase> <!-- RandomTest3 -->
  <system-out/>
  <testcase classname="TestsCICD" name="RandomTest2" time="0.000">
    <skipped/>
  </testcase> <!-- RandomTest2 -->
  <system-out/>
  <testcase classname="TestsCICD" name="RandomTest4" time="0.000">
    <skipped/>
  </testcase> <!-- RandomTest4 -->
  <system-out/>
  <testcase classname="TestsCICD" name="SetUp" time="-1686600320.000">
    <error message="
Parameter &#039;browser&#039; is required by BeforeMethod on method SetUp but has not been marked @Optional or defined
" type="org.testng.TestNGException">
      <![CDATA[org.testng.TestNGException: 
Parameter 'browser' is required by BeforeMethod on method SetUp but has not been marked @Optional or defined

at org.testng.internal.Parameters.createParams(Parameters.java:272)
at org.testng.internal.Parameters.createParametersForMethod(Parameters.java:360)
at org.testng.internal.Parameters.createParameters(Parameters.java:704)
at org.testng.internal.Parameters.createConfigurationParameters(Parameters.java:166)
at org.testng.internal.ConfigInvoker.invokeConfigurations(ConfigInvoker.java:283)
at org.testng.internal.TestInvoker.runConfigMethods(TestInvoker.java:695)
at org.testng.internal.TestInvoker.invokeMethod(TestInvoker.java:523)
at org.testng.internal.TestInvoker.invokeTestMethod(TestInvoker.java:173)
at org.testng.internal.MethodRunner.runInSequence(MethodRunner.java:46)
at org.testng.internal.TestInvoker$MethodInvocationAgent.invoke(TestInvoker.java:816)
at org.testng.internal.TestInvoker.invokeTestMethods(TestInvoker.java:146)
at org.testng.internal.TestMethodWorker.invokeTestMethods(TestMethodWorker.java:146)
at org.testng.internal.TestMethodWorker.run(TestMethodWorker.java:128)
at java.base/java.util.ArrayList.forEach(ArrayList.java:1511)
at org.testng.TestRunner.privateRun(TestRunner.java:766)
at org.testng.TestRunner.run(TestRunner.java:587)
at org.testng.SuiteRunner.runTest(SuiteRunner.java:384)
at org.testng.SuiteRunner.runSequentially(SuiteRunner.java:378)
at org.testng.SuiteRunner.privateRun(SuiteRunner.java:337)
at org.testng.SuiteRunner.run(SuiteRunner.java:286)
at org.testng.SuiteRunnerWorker.runSuite(SuiteRunnerWorker.java:53)
at org.testng.SuiteRunnerWorker.run(SuiteRunnerWorker.java:96)
at org.testng.TestNG.runSuitesSequentially(TestNG.java:1187)
at org.testng.TestNG.runSuitesLocally(TestNG.java:1109)
at org.testng.TestNG.runSuites(TestNG.java:1039)
at org.testng.TestNG.run(TestNG.java:1007)
at org.apache.maven.surefire.testng.TestNGExecutor.run(TestNGExecutor.java:77)
at org.apache.maven.surefire.testng.TestNGDirectoryTestSuite.execute(TestNGDirectoryTestSuite.java:110)
at org.apache.maven.surefire.testng.TestNGProvider.invoke(TestNGProvider.java:106)
at java.base/jdk.internal.reflect.NativeMethodAccessorImpl.invoke0(Native Method)
at java.base/jdk.internal.reflect.NativeMethodAccessorImpl.invoke(NativeMethodAccessorImpl.java:64)
at java.base/jdk.internal.reflect.DelegatingMethodAccessorImpl.invoke(DelegatingMethodAccessorImpl.java:43)
at java.base/java.lang.reflect.Method.invoke(Method.java:564)
at org.apache.maven.surefire.util.ReflectionUtils.invokeMethodWithArray(ReflectionUtils.java:189)
at org.apache.maven.surefire.booter.ProviderFactory$ProviderProxy.invoke(ProviderFactory.java:165)
at org.apache.maven.surefire.booter.ProviderFactory.invokeProvider(ProviderFactory.java:85)
at org.apache.maven.surefire.booter.ForkedBooter.runSuitesInProcess(ForkedBooter.java:115)
at org.apache.maven.surefire.booter.ForkedBooter.main(ForkedBooter.java:75)
]]>
    </error>
  </testcase> <!-- SetUp -->
  <system-out/>
  <testcase classname="TestsCICD" name="RandomTest5" time="0.000">
    <skipped/>
  </testcase> <!-- RandomTest5 -->
  <system-out/>
  <testcase classname="TestsCICD" name="RandomTest" time="0.000">
    <skipped/>
  </testcase> <!-- RandomTest -->
  <system-out/>
  <testcase classname="TestsCICD" name="RandomTest9" time="0.000">
    <skipped/>
  </testcase> <!-- RandomTest9 -->
  <system-out/>
  <testcase classname="TestsCICD" name="RandomTest8" time="0.000">
    <skipped/>
  </testcase> <!-- RandomTest8 -->
  <system-out/>
</testsuite> <!-- TestsCICD -->
